Using pre-set license
Built from '2021.2/staging' branch; Version is '2021.2.6f1 (8c4e826ba445) revision 9195138'; Using compiler version '192829333'; Build Type 'Release'
OS: 'Windows 10  (10.0.19044) 64bit Professional' Language: 'tr' Physical Memory: 8128 MB
BatchMode: 1, IsHumanControllingUs: 0, StartBugReporterOnCrash: 0, Is64bit: 1, IsPro: 0

COMMAND LINE ARGUMENTS:
C:\Program Files\UnityEditorFolder\2021.2.6f1\Editor\Unity.exe
-adb2
-batchMode
-noUpm
-name
AssetImportWorker2
-projectPath
C:/Users/akinn/Desktop/CatchFoods/Catch-Foods
-logFile
Logs/AssetImportWorker2.log
-srvPort
52128
Successfully changed project path to: C:/Users/akinn/Desktop/CatchFoods/Catch-Foods
C:/Users/akinn/Desktop/CatchFoods/Catch-Foods
[UnityMemory] Configuration Parameters - Can be set up in boot.config
    "memorysetup-bucket-allocator-granularity=16"
    "memorysetup-bucket-allocator-bucket-count=8"
    "memorysetup-bucket-allocator-block-size=33554432"
    "memorysetup-bucket-allocator-block-count=8"
    "memorysetup-main-allocator-block-size=16777216"
    "memorysetup-thread-allocator-block-size=16777216"
    "memorysetup-gfx-main-allocator-block-size=16777216"
    "memorysetup-gfx-thread-allocator-block-size=16777216"
    "memorysetup-cache-allocator-block-size=4194304"
    "memorysetup-typetree-allocator-block-size=2097152"
    "memorysetup-profiler-bucket-allocator-granularity=16"
    "memorysetup-profiler-bucket-allocator-bucket-count=8"
    "memorysetup-profiler-bucket-allocator-block-size=33554432"
    "memorysetup-profiler-bucket-allocator-block-count=8"
    "memorysetup-profiler-allocator-block-size=16777216"
    "memorysetup-profiler-editor-allocator-block-size=1048576"
    "memorysetup-temp-allocator-size-main=16777216"
    "memorysetup-job-temp-allocator-block-size=2097152"
    "memorysetup-job-temp-allocator-block-size-background=1048576"
    "memorysetup-job-temp-allocator-reduction-small-platforms=262144"
    "memorysetup-temp-allocator-size-background-worker=32768"
    "memorysetup-temp-allocator-size-job-worker=262144"
    "memorysetup-temp-allocator-size-preload-manager=33554432"
    "memorysetup-temp-allocator-size-nav-mesh-worker=65536"
    "memorysetup-temp-allocator-size-audio-worker=65536"
    "memorysetup-temp-allocator-size-cloud-worker=32768"
    "memorysetup-temp-allocator-size-gi-baking-worker=262144"
    "memorysetup-temp-allocator-size-gfx=262144"
Refreshing native plugins compatible for Editor in 228.92 ms, found 4 plugins.
Preloading 0 native plugins for Editor in 0.00 ms.
Initialize engine version: 2021.2.6f1 (8c4e826ba445)
[Subsystems] Discovering subsystems at path C:/Program Files/UnityEditorFolder/2021.2.6f1/Editor/Data/Resources/UnitySubsystems
[Subsystems] Discovering subsystems at path C:/Users/akinn/Desktop/CatchFoods/Catch-Foods/Assets
GfxDevice: creating device client; threaded=0; jobified=0
Direct3D:
    Version:  Direct3D 11.0 [level 11.1]
    Renderer: NVIDIA GeForce GTX 1050 Ti (ID=0x1c82)
    Vendor:   NVIDIA
    VRAM:     4018 MB
    Driver:   30.0.14.9613
Initialize mono
Mono path[0] = 'C:/Program Files/UnityEditorFolder/2021.2.6f1/Editor/Data/Managed'
Mono path[1] = 'C:/Program Files/UnityEditorFolder/2021.2.6f1/Editor/Data/MonoBleedingEdge/lib/mono/unityjit-win32'
Mono config path = 'C:/Program Files/UnityEditorFolder/2021.2.6f1/Editor/Data/MonoBleedingEdge/etc'
Using monoOptions --debugger-agent=transport=dt_socket,embedding=1,server=y,suspend=n,address=127.0.0.1:56600
Begin MonoManager ReloadAssembly
Registering precompiled unity dll's ...
Register platform support module: C:/Program Files/UnityEditorFolder/2021.2.6f1/Editor/Data/PlaybackEngines/WindowsStandaloneSupport/UnityEditor.WindowsStandalone.Extensions.dll
Registered in 0.010913 seconds.
Native extension for WindowsStandalone target not found
Refreshing native plugins compatible for Editor in 208.51 ms, found 4 plugins.
Preloading 0 native plugins for Editor in 0.00 ms.
Mono: successfully reloaded assembly
- Completed reload, in  1.135 seconds
Domain Reload Profiling:
	ReloadAssembly (1136ms)
		BeginReloadAssembly (131ms)
			ExecutionOrderSort (0ms)
			DisableScriptedObjects (0ms)
			BackupInstance (0ms)
			ReleaseScriptingObjects (0ms)
			CreateAndSetChildDomain (1ms)
		EndReloadAssembly (858ms)
			LoadAssemblies (127ms)
			RebuildTransferFunctionScriptingTraits (0ms)
			SetupTypeCache (168ms)
			ReleaseScriptCaches (0ms)
			RebuildScriptCaches (51ms)
			SetupLoadedEditorAssemblies (538ms)
				LogAssemblyErrors (0ms)
				InitializePlatformSupportModulesInManaged (30ms)
				SetLoadedEditorAssemblies (0ms)
				RefreshPlugins (209ms)
				BeforeProcessingInitializeOnLoad (2ms)
				ProcessInitializeOnLoadAttributes (206ms)
				ProcessInitializeOnLoadMethodAttributes (91ms)
				AfterProcessingInitializeOnLoad (0ms)
				EditorAssembliesLoaded (0ms)
			ExecutionOrderSort2 (0ms)
			AwakeInstancesAfterBackupRestoration (0ms)
Platform modules already initialized, skipping
Registering precompiled user dll's ...
Registered in 0.014599 seconds.
Begin MonoManager ReloadAssembly
Symbol file LoadedFromMemory doesn't match image C:\Users\akinn\Desktop\CatchFoods\Catch-Foods\Library\PackageCache\com.unity.visualscripting@1.7.5\Editor\VisualScripting.Core\Dependencies\DotNetZip\Unity.VisualScripting.IonicZip.dll
Symbol file LoadedFromMemory doesn't match image C:\Users\akinn\Desktop\CatchFoods\Catch-Foods\Library\PackageCache\com.unity.visualscripting@1.7.5\Editor\VisualScripting.Core\Dependencies\YamlDotNet\Unity.VisualScripting.YamlDotNet.dll
Native extension for WindowsStandalone target not found
Refreshing native plugins compatible for Editor in 194.18 ms, found 4 plugins.
Preloading 0 native plugins for Editor in 0.00 ms.
Mono: successfully reloaded assembly
- Completed reload, in  2.927 seconds
Domain Reload Profiling:
	ReloadAssembly (2928ms)
		BeginReloadAssembly (189ms)
			ExecutionOrderSort (0ms)
			DisableScriptedObjects (9ms)
			BackupInstance (0ms)
			ReleaseScriptingObjects (0ms)
			CreateAndSetChildDomain (38ms)
		EndReloadAssembly (2569ms)
			LoadAssemblies (134ms)
			RebuildTransferFunctionScriptingTraits (0ms)
			SetupTypeCache (410ms)
			ReleaseScriptCaches (1ms)
			RebuildScriptCaches (103ms)
			SetupLoadedEditorAssemblies (1827ms)
				LogAssemblyErrors (0ms)
				InitializePlatformSupportModulesInManaged (18ms)
				SetLoadedEditorAssemblies (0ms)
				RefreshPlugins (194ms)
				BeforeProcessingInitializeOnLoad (188ms)
				ProcessInitializeOnLoadAttributes (1347ms)
				ProcessInitializeOnLoadMethodAttributes (65ms)
				AfterProcessingInitializeOnLoad (14ms)
				EditorAssembliesLoaded (0ms)
			ExecutionOrderSort2 (0ms)
			AwakeInstancesAfterBackupRestoration (15ms)
Platform modules already initialized, skipping
========================================================================
Worker process is ready to serve import requests
Launched and connected shader compiler UnityShaderCompiler.exe after 0.30 seconds
Refreshing native plugins compatible for Editor in 1.27 ms, found 4 plugins.
Preloading 0 native plugins for Editor in 0.00 ms.
Unloading 4104 Unused Serialized files (Serialized files now loaded: 0)
Unloading 60 unused Assets / (56.8 KB). Loaded Objects now: 4537.
Memory consumption went from 154.4 MB to 154.4 MB.
Total: 6.453900 ms (FindLiveObjects: 0.591800 ms CreateObjectMapping: 0.236900 ms MarkObjects: 5.348000 ms  DeleteObjects: 0.275400 ms)

AssetImportParameters requested are different than current active one (requested -> active):
  custom:video-decoder-ogg-theora: a1e56fd34408186e4bbccfd4996cb3dc -> 
  custom:container-muxer-webm: aa71ff27fc2769a1b78a27578f13a17b -> 
  custom:container-demuxer-webm: 4f35f7cbe854078d1ac9338744f61a02 -> 
  custom:video-encoder-webm-vp8: eb34c28f22e8b96e1ab97ce403110664 -> 
  custom:audio-encoder-webm-vorbis: bf7c407c2cedff20999df2af8eb42d56 -> 
  custom:framework-win-MediaFoundation: 216162199b28c13a410421893ffa2e32 -> 
  custom:container-demuxer-ogg: 62fdf1f143b41e24485cea50d1cbac27 -> 
  custom:video-decoder-webm-vp8: 9c59270c3fd7afecdb556c50c9e8de78 -> 
  custom:audio-decoder-ogg-vorbis: bf7c407c2cedff20999df2af8eb42d56 -> 
========================================================================
Received Import Request.
  Time since last request: 3642.554677 seconds.
  path: Assets/Sprites/cart.png
  artifactKey: Guid(0617742007fa35741a0a8de7b81dc4fc) Importer(815301076,1909f56bfc062723c751e8b465ee728b)
Start importing Assets/Sprites/cart.png using Guid(0617742007fa35741a0a8de7b81dc4fc) Importer(815301076,1909f56bfc062723c751e8b465ee728b)  -> (artifact id: '8ddc9020b8fa452cd2a80ec5ae6d5f9a') in 0.617778 seconds 
========================================================================
Received Import Request.
  Time since last request: 6.064779 seconds.
  path: Assets/Sprites/cart.png
  artifactKey: Guid(0617742007fa35741a0a8de7b81dc4fc) Importer(815301076,1909f56bfc062723c751e8b465ee728b)
Start importing Assets/Sprites/cart.png using Guid(0617742007fa35741a0a8de7b81dc4fc) Importer(815301076,1909f56bfc062723c751e8b465ee728b)  -> (artifact id: '3ec066036e908c8377c1cfecf7d12cdc') in 0.018027 seconds 
========================================================================
Received Import Request.
  Time since last request: 20.013680 seconds.
  path: Assets/Sprites/BackGround.png
  artifactKey: Guid(5fa6ccf6337c5ed4fa5b78ace11b4c8d) Importer(815301076,1909f56bfc062723c751e8b465ee728b)
Start importing Assets/Sprites/BackGround.png using Guid(5fa6ccf6337c5ed4fa5b78ace11b4c8d) Importer(815301076,1909f56bfc062723c751e8b465ee728b)  -> (artifact id: 'a567d24b330143e13ccd4ab33ca144e6') in 0.239571 seconds 
========================================================================
Received Import Request.
  Time since last request: 0.000037 seconds.
  path: Assets/Sprites/Food PNGs/bread05.png
  artifactKey: Guid(5fddcdbc56a247d4dbb18610e204c260) Importer(815301076,1909f56bfc062723c751e8b465ee728b)
Start importing Assets/Sprites/Food PNGs/bread05.png using Guid(5fddcdbc56a247d4dbb18610e204c260) Importer(815301076,1909f56bfc062723c751e8b465ee728b)  -> (artifact id: '50d68bc3d1cbbe3a20d7acc863279ded') in 0.068625 seconds 
========================================================================
Received Import Request.
  Time since last request: 0.000060 seconds.
  path: Assets/Sprites/Food PNGs/fruit03.png
  artifactKey: Guid(a62393ece2d01a84c996c97dc9e5f74d) Importer(815301076,1909f56bfc062723c751e8b465ee728b)
Start importing Assets/Sprites/Food PNGs/fruit03.png using Guid(a62393ece2d01a84c996c97dc9e5f74d) Importer(815301076,1909f56bfc062723c751e8b465ee728b)  -> (artifact id: '86dc31952270806885931ab9c7858f53') in 0.069724 seconds 
========================================================================
Received Import Request.
  Time since last request: 0.000023 seconds.
  path: Assets/Sprites/Food PNGs/egg02a.png
  artifactKey: Guid(8dd32be539b2a4c438f83db0f2d41805) Importer(815301076,1909f56bfc062723c751e8b465ee728b)
Start importing Assets/Sprites/Food PNGs/egg02a.png using Guid(8dd32be539b2a4c438f83db0f2d41805) Importer(815301076,1909f56bfc062723c751e8b465ee728b)  -> (artifact id: '80186059e88d4a3f16ff5e55344d55fe') in 0.062841 seconds 
========================================================================
Received Import Request.
  Time since last request: 0.000025 seconds.
  path: Assets/Sprites/Food PNGs/fruit02.png
  artifactKey: Guid(08d7d2578ab259d408344b41d7d40fb6) Importer(815301076,1909f56bfc062723c751e8b465ee728b)
Start importing Assets/Sprites/Food PNGs/fruit02.png using Guid(08d7d2578ab259d408344b41d7d40fb6) Importer(815301076,1909f56bfc062723c751e8b465ee728b)  -> (artifact id: 'c7d1dbf4a5f8e90e10248d2515a40505') in 0.041096 seconds 
========================================================================
Received Import Request.
  Time since last request: 0.000046 seconds.
  path: Assets/Sprites/Food PNGs/fruit09.png
  artifactKey: Guid(33a3ad1ada27e1d4091690fc693ed1b7) Importer(815301076,1909f56bfc062723c751e8b465ee728b)
Start importing Assets/Sprites/Food PNGs/fruit09.png using Guid(33a3ad1ada27e1d4091690fc693ed1b7) Importer(815301076,1909f56bfc062723c751e8b465ee728b)  -> (artifact id: '911163632c58a10bc66b5d3967f559db') in 0.396480 seconds 
========================================================================
Received Import Request.
  Time since last request: 0.000039 seconds.
  path: Assets/Sprites/Food PNGs/bread04a.png
  artifactKey: Guid(f19b22507707ca14aa256d22bf117082) Importer(815301076,1909f56bfc062723c751e8b465ee728b)
Start importing Assets/Sprites/Food PNGs/bread04a.png using Guid(f19b22507707ca14aa256d22bf117082) Importer(815301076,1909f56bfc062723c751e8b465ee728b)  -> (artifact id: '00cf84f08ec8a5af24d721c4ccdc0a1a') in 0.460886 seconds 
========================================================================
Received Import Request.
  Time since last request: 0.000026 seconds.
  path: Assets/Sprites/Food PNGs/fruit22a.png
  artifactKey: Guid(82b32db33f3298d4fa0e4aeb41984e95) Importer(815301076,1909f56bfc062723c751e8b465ee728b)
Start importing Assets/Sprites/Food PNGs/fruit22a.png using Guid(82b32db33f3298d4fa0e4aeb41984e95) Importer(815301076,1909f56bfc062723c751e8b465ee728b)  -> (artifact id: '45676dff4ba033bb26eb750c2780fc56') in 0.095178 seconds 
========================================================================
Received Import Request.
  Time since last request: 0.000029 seconds.
  path: Assets/Sprites/Food PNGs/fruit26a.png
  artifactKey: Guid(88707ebe83a86eb4190663a32f22cbd9) Importer(815301076,1909f56bfc062723c751e8b465ee728b)
Start importing Assets/Sprites/Food PNGs/fruit26a.png using Guid(88707ebe83a86eb4190663a32f22cbd9) Importer(815301076,1909f56bfc062723c751e8b465ee728b)  -> (artifact id: '5f7c111eae996f73eeb1373b2511b35d') in 0.091838 seconds 
========================================================================
Received Import Request.
  Time since last request: 0.000028 seconds.
  path: Assets/Sprites/Food PNGs/fruit27.png
  artifactKey: Guid(dfd761479895e3a47a680471adcaa4d6) Importer(815301076,1909f56bfc062723c751e8b465ee728b)
Start importing Assets/Sprites/Food PNGs/fruit27.png using Guid(dfd761479895e3a47a680471adcaa4d6) Importer(815301076,1909f56bfc062723c751e8b465ee728b)  -> (artifact id: 'b508565feadd7c92a376ad674afefdec') in 0.040830 seconds 
========================================================================
Received Import Request.
  Time since last request: 0.000031 seconds.
  path: Assets/Sprites/Food PNGs/fruit13.png
  artifactKey: Guid(4f5ee3bf4e373ed4b93ea90c4abed953) Importer(815301076,1909f56bfc062723c751e8b465ee728b)
Start importing Assets/Sprites/Food PNGs/fruit13.png using Guid(4f5ee3bf4e373ed4b93ea90c4abed953) Importer(815301076,1909f56bfc062723c751e8b465ee728b)  -> (artifact id: '1a11eaf6def6ac73e2ac0802ff5e4d70') in 0.166415 seconds 
========================================================================
Received Import Request.
  Time since last request: 0.000030 seconds.
  path: Assets/Sprites/Food PNGs/fruit15.png
  artifactKey: Guid(ec5cee953160dab438e88983801b94d8) Importer(815301076,1909f56bfc062723c751e8b465ee728b)
Start importing Assets/Sprites/Food PNGs/fruit15.png using Guid(ec5cee953160dab438e88983801b94d8) Importer(815301076,1909f56bfc062723c751e8b465ee728b)  -> (artifact id: '1f0185fe203b6afee3f78f87b7143982') in 0.094147 seconds 
========================================================================
Received Import Request.
  Time since last request: 0.000027 seconds.
  path: Assets/Sprites/Food PNGs/fish18.png
  artifactKey: Guid(50048e41a85092945bed0a4ead2a47a0) Importer(815301076,1909f56bfc062723c751e8b465ee728b)
Start importing Assets/Sprites/Food PNGs/fish18.png using Guid(50048e41a85092945bed0a4ead2a47a0) Importer(815301076,1909f56bfc062723c751e8b465ee728b)  -> (artifact id: '19fb0555dcd11d9afbecff737c0a5e60') in 0.247088 seconds 
========================================================================
Received Import Request.
  Time since last request: 0.000029 seconds.
  path: Assets/Sprites/Food PNGs/meat01a.png
  artifactKey: Guid(be75165001b742043a4bd3361787a6a1) Importer(815301076,1909f56bfc062723c751e8b465ee728b)
Start importing Assets/Sprites/Food PNGs/meat01a.png using Guid(be75165001b742043a4bd3361787a6a1) Importer(815301076,1909f56bfc062723c751e8b465ee728b)  -> (artifact id: '910e401ab61e68154ee3bfb6bcf35d84') in 0.132902 seconds 
========================================================================
Received Import Request.
  Time since last request: 0.000039 seconds.
  path: Assets/Sprites/Food PNGs/fish01.png
  artifactKey: Guid(ab89f728463136e4eb6d2504d1a4d367) Importer(815301076,1909f56bfc062723c751e8b465ee728b)
Start importing Assets/Sprites/Food PNGs/fish01.png using Guid(ab89f728463136e4eb6d2504d1a4d367) Importer(815301076,1909f56bfc062723c751e8b465ee728b)  -> (artifact id: '3e29f39ee407ab8ab1672de063e5a6bb') in 0.047705 seconds 
========================================================================
Received Import Request.
  Time since last request: 0.000035 seconds.
  path: Assets/Sprites/Food PNGs/bread02.png
  artifactKey: Guid(b6c47d17d4fce4741a185c9d76b372b1) Importer(815301076,1909f56bfc062723c751e8b465ee728b)
Start importing Assets/Sprites/Food PNGs/bread02.png using Guid(b6c47d17d4fce4741a185c9d76b372b1) Importer(815301076,1909f56bfc062723c751e8b465ee728b)  -> (artifact id: '75e2e1c00edf6d152b9a8536421a6a00') in 0.122876 seconds 
========================================================================
Received Import Request.
  Time since last request: 0.000038 seconds.
  path: Assets/Sprites/Food PNGs/egg02.png
  artifactKey: Guid(d1428682d32b01d47a780ada0cb3787e) Importer(815301076,1909f56bfc062723c751e8b465ee728b)
Start importing Assets/Sprites/Food PNGs/egg02.png using Guid(d1428682d32b01d47a780ada0cb3787e) Importer(815301076,1909f56bfc062723c751e8b465ee728b)  -> (artifact id: '485de20bd6d8329df7e88eb9538ca8a4') in 0.181360 seconds 
========================================================================
Received Import Request.
  Time since last request: 0.000034 seconds.
  path: Assets/Sprites/Food PNGs/fish14a.png
  artifactKey: Guid(71cb7bf14d242a545a710e260d0ad1fe) Importer(815301076,1909f56bfc062723c751e8b465ee728b)
Start importing Assets/Sprites/Food PNGs/fish14a.png using Guid(71cb7bf14d242a545a710e260d0ad1fe) Importer(815301076,1909f56bfc062723c751e8b465ee728b)  -> (artifact id: '32c6a44ce251eb4d55ad72aa70a3990f') in 0.174815 seconds 
========================================================================
Received Import Request.
  Time since last request: 0.124041 seconds.
  path: Assets/Sprites/Food PNGs/bread04.png
  artifactKey: Guid(bcbd9f858cbc82b4ea7fae1ccc76cdf1) Importer(815301076,1909f56bfc062723c751e8b465ee728b)
Start importing Assets/Sprites/Food PNGs/bread04.png using Guid(bcbd9f858cbc82b4ea7fae1ccc76cdf1) Importer(815301076,1909f56bfc062723c751e8b465ee728b)  -> (artifact id: 'a55829b64e7045032995f9a42b3dd19f') in 0.128832 seconds 
========================================================================
Received Import Request.
  Time since last request: 0.000027 seconds.
  path: Assets/Sprites/Food PNGs/fruit01a.png
  artifactKey: Guid(54fbfa16658fed34aa410e9370bb3cc4) Importer(815301076,1909f56bfc062723c751e8b465ee728b)
Start importing Assets/Sprites/Food PNGs/fruit01a.png using Guid(54fbfa16658fed34aa410e9370bb3cc4) Importer(815301076,1909f56bfc062723c751e8b465ee728b)  -> (artifact id: 'e6e8790dcb8346e1de7993ceb010d850') in 0.112752 seconds 
========================================================================
Received Import Request.
  Time since last request: 0.000033 seconds.
  path: Assets/Sprites/Food PNGs/fruit13a.png
  artifactKey: Guid(429f841090f8c1749a7af3453d46c517) Importer(815301076,1909f56bfc062723c751e8b465ee728b)
Start importing Assets/Sprites/Food PNGs/fruit13a.png using Guid(429f841090f8c1749a7af3453d46c517) Importer(815301076,1909f56bfc062723c751e8b465ee728b)  -> (artifact id: 'c6055ccc9f095ad50ff82b594ddfff28') in 0.135004 seconds 
========================================================================
Received Import Request.
  Time since last request: 0.000026 seconds.
  path: Assets/Sprites/Food PNGs/fruit02a.png
  artifactKey: Guid(d927fa268e285e044bf0e4ac7489f775) Importer(815301076,1909f56bfc062723c751e8b465ee728b)
Start importing Assets/Sprites/Food PNGs/fruit02a.png using Guid(d927fa268e285e044bf0e4ac7489f775) Importer(815301076,1909f56bfc062723c751e8b465ee728b)  -> (artifact id: '8c81fcd360fcc7a22d851fa27f1874ff') in 0.051161 seconds 
